Base path: 'C:/Program Files/Unity/Hub/Editor/2019.4.7f1/Editor/Data', plugins path 'C:/Program Files/Unity/Hub/Editor/2019.4.7f1/Editor/Data/PlaybackEngines'
Cmd: initializeCompiler
Cmd: compileSnippet
  api=4 type=1 insize=11846 outsize=5706 kw=SHADOWS_SPLIT_SPHERES pd=UNITY_ENABLE_REFLECTION_BUFFERS UNITY_USE_DITHER_MASK_FOR_ALPHABLENDED_SHADOWS UNITY_PBS_USE_BRDF1 UNITY_SPECCUBE_BOX_PROJECTION UNITY_SPECCUBE_BLENDING UNITY_ENABLE_DETAIL_NORMALMAP SHADER_API_DESKTOP UNITY_COLORSPACE_GAMMA UNITY_LIGHT_PROBE_PROXY_VOLUME UNITY_LIGHTMAP_FULL_HDR ok=1
Cmd: compileSnippet
  api=4 type=0 insize=20436 outsize=1786 kw=UNITY_PASS_FORWARDBASE DIRECTIONAL SHADOWS_SCREEN LIGHTPROBE_SH pd=UNITY_ENABLE_REFLECTION_BUFFERS UNITY_USE_DITHER_MASK_FOR_ALPHABLENDED_SHADOWS UNITY_PBS_USE_BRDF1 UNITY_SPECCUBE_BOX_PROJECTION UNITY_SPECCUBE_BLENDING UNITY_ENABLE_DETAIL_NORMALMAP SHADER_API_DESKTOP UNITY_COLORSPACE_GAMMA UNITY_LIGHT_PROBE_PROXY_VOLUME UNITY_LIGHTMAP_FULL_HDR ok=1
Cmd: initializeCompiler
Cmd: compileComputeKernel
  api=4 insize=775 outsize=12420 ok=1
Cmd: compileComputeKernel
  api=4 insize=958 outsize=1620 ok=1
Cmd: compileComputeKernel
  api=4 insize=958 outsize=1611 ok=1
Cmd: compileComputeKernel
  api=4 insize=222 outsize=769 ok=1
Cmd: compileComputeKernel
  api=4 insize=759 outsize=910 ok=1
Cmd: compileComputeKernel
  api=4 insize=759 outsize=777 ok=1
Cmd: compileComputeKernel
  api=4 insize=759 outsize=1035 ok=1
Cmd: compileComputeKernel
  api=4 insize=3405 outsize=27630 ok=1
Cmd: compileComputeKernel
  api=4 insize=13751 outsize=1499 ok=1
Cmd: compileComputeKernel
  api=4 insize=13751 outsize=1971 ok=1
Cmd: compileComputeKernel
  api=4 insize=13751 outsize=2218 ok=1
Cmd: compileComputeKernel
  api=4 insize=20570 outsize=13884 ok=1
Cmd: compileComputeKernel
  api=4 insize=82071 outsize=3854 ok=1
Cmd: compileComputeKernel
  api=4 insize=82071 outsize=2187 ok=1
Cmd: compileComputeKernel
  api=4 insize=82071 outsize=1634 ok=1
Cmd: compileComputeKernel
  api=4 insize=82071 outsize=1489 ok=1
Cmd: compileComputeKernel
  api=4 insize=82071 outsize=1689 ok=1
Cmd: compileComputeKernel
  api=4 insize=82071 outsize=1495 ok=1
Cmd: compileComputeKernel
  api=4 insize=82071 outsize=4086 ok=1
Cmd: compileComputeKernel
  api=4 insize=82071 outsize=3372 ok=1
Cmd: compileComputeKernel
  api=4 insize=82071 outsize=1843 ok=1
Cmd: compileComputeKernel
  api=4 insize=82071 outsize=3480 ok=1
Cmd: compileComputeKernel
  api=4 insize=82071 outsize=3553 ok=1
Cmd: compileComputeKernel
  api=4 insize=82071 outsize=3399 ok=1
Cmd: compileComputeKernel
  api=4 insize=82071 outsize=3684 ok=1
Cmd: compileComputeKernel
  api=4 insize=82071 outsize=3489 ok=1
Cmd: compileComputeKernel
  api=4 insize=82071 outsize=3472 ok=1
Cmd: compileComputeKernel
  api=4 insize=82071 outsize=1364 ok=1
Cmd: compileComputeKernel
  api=4 insize=82071 outsize=5039 ok=1
Cmd: compileComputeKernel
  api=4 insize=82071 outsize=5479 ok=1
Cmd: compileComputeKernel
  api=4 insize=82071 outsize=5071 ok=1
Cmd: compileComputeKernel
  api=4 insize=82071 outsize=5069 ok=1
Cmd: compileComputeKernel
  api=4 insize=82071 outsize=3414 ok=1
Cmd: compileComputeKernel
  api=4 insize=82071 outsize=3554 ok=1
Cmd: compileComputeKernel
  api=4 insize=82071 outsize=3482 ok=1
Cmd: compileComputeKernel
  api=4 insize=82071 outsize=1449 ok=1
Cmd: compileComputeKernel
  api=4 insize=82071 outsize=7449 ok=1
Cmd: compileComputeKernel
  api=4 insize=467 outsize=3291 ok=1
Cmd: compileComputeKernel
  api=4 insize=11929 outsize=2891 ok=1
Cmd: compileComputeKernel
  api=4 insize=11929 outsize=2340 ok=1
Cmd: compileComputeKernel
  api=4 insize=11929 outsize=2275 ok=1
Cmd: compileComputeKernel
  api=4 insize=4458 outsize=2265 ok=1
Cmd: compileComputeKernel
  api=4 insize=18478 outsize=13985 ok=1
Cmd: compileComputeKernel
  api=4 insize=76455 outsize=5015 ok=1
Cmd: compileComputeKernel
  api=4 insize=467 outsize=5445 ok=1
Cmd: compileComputeKernel
  api=4 insize=13363 outsize=11359 ok=1
Cmd: compileComputeKernel
  api=4 insize=958 outsize=1469 ok=1
Cmd: compileComputeKernel
  api=4 insize=958 outsize=1502 ok=1
Cmd: compileComputeKernel
  api=4 insize=3167 outsize=1927 ok=1
Cmd: compileComputeKernel
  api=4 insize=10641 outsize=622 ok=1
Cmd: compileComputeKernel
  api=4 insize=10641 outsize=770 ok=1
Cmd: compileComputeKernel
  api=4 insize=10641 outsize=855 ok=1
Cmd: compileComputeKernel
  api=4 insize=10641 outsize=701 ok=1
Cmd: compileComputeKernel
  api=4 insize=10641 outsize=700 ok=1
Cmd: compileComputeKernel
  api=4 insize=10641 outsize=1081 ok=1
Cmd: compileComputeKernel
  api=4 insize=10641 outsize=882 ok=1
Cmd: compileComputeKernel
  api=4 insize=10641 outsize=629 ok=1
Cmd: compileComputeKernel
  api=4 insize=10641 outsize=786 ok=1
Cmd: compileComputeKernel
  api=4 insize=10641 outsize=1269 ok=1
Cmd: compileComputeKernel
  api=4 insize=10641 outsize=1137 ok=1
Cmd: compileComputeKernel
  api=4 insize=10641 outsize=1520 ok=1
Cmd: compileComputeKernel
  api=4 insize=10641 outsize=1392 ok=1
Cmd: compileComputeKernel
  api=4 insize=10641 outsize=1465 ok=1
Cmd: compileComputeKernel
  api=4 insize=10641 outsize=1311 ok=1
Cmd: compileComputeKernel
  api=4 insize=10641 outsize=1261 ok=1
Cmd: compileComputeKernel
  api=4 insize=10641 outsize=1843 ok=1
Cmd: compileComputeKernel
  api=4 insize=10641 outsize=1596 ok=1
Cmd: compileComputeKernel
  api=4 insize=10641 outsize=1628 ok=1
Cmd: compileComputeKernel
  api=4 insize=10641 outsize=1805 ok=1
Cmd: compileComputeKernel
  api=4 insize=10641 outsize=1287 ok=1
Cmd: compileComputeKernel
  api=4 insize=10641 outsize=1287 ok=1
Cmd: compileComputeKernel
  api=4 insize=10641 outsize=1319 ok=1
Cmd: compileComputeKernel
  api=4 insize=4442 outsize=1684 ok=1
Cmd: initializeCompiler
